2021-04-29 02:39:55,379:INFO:PyCaret Supervised Module
2021-04-29 02:39:55,380:INFO:ML Usecase: classification
2021-04-29 02:39:55,380:INFO:version 2.3.0
2021-04-29 02:39:55,381:INFO:Initializing setup()
2021-04-29 02:39:55,381:INFO:setup(target=species, ml_usecase=classification, available_plots={'parameter': 'Hyperparameters', 'auc': 'AUC', 'confusion_matrix': 'Confusion Matrix', 'threshold': 'Threshold', 'pr': 'Precision Recall', 'error': 'Prediction Error', 'class_report': 'Class Report', 'rfe': 'Feature Selection', 'learning': 'Learning Curve', 'manifold': 'Manifold Learning', 'calibration': 'Calibration Curve', 'vc': 'Validation Curve', 'dimension': 'Dimensions', 'feature': 'Feature Importance', 'feature_all': 'Feature Importance (All)', 'boundary': 'Decision Boundary', 'lift': 'Lift Chart', 'gain': 'Gain Chart', 'tree': 'Decision Tree'}, train_size=0.7, test_data=None, preprocess=True, imputation_type=simple, iterative_imputation_iters=5, categorical_features=None, categorical_imputation=constant, categorical_iterative_imputer=lightgbm, ordinal_features=None, high_cardinality_features=None, high_cardinality_method=frequency, numeric_features=None, numeric_imputation=mean, numeric_iterative_imputer=lightgbm, date_features=None, ignore_features=None, normalize=False, normalize_method=zscore, transformation=False, transformation_method=yeo-johnson, handle_unknown_categorical=True, unknown_categorical_method=least_frequent, pca=False, pca_method=linear, pca_components=None, ignore_low_variance=False, combine_rare_levels=False, rare_level_threshold=0.1, bin_numeric_features=None, remove_outliers=False, outliers_threshold=0.05, remove_multicollinearity=False, multicollinearity_threshold=0.9, remove_perfect_collinearity=True, create_clusters=False, cluster_iter=20, polynomial_features=False, polynomial_degree=2, trigonometry_features=False, polynomial_threshold=0.1, group_features=None, group_names=None, feature_selection=False, feature_selection_threshold=0.8, feature_selection_method=classic, feature_interaction=False, feature_ratio=False, interaction_threshold=0.01, fix_imbalance=False, fix_imbalance_method=None, transform_target=False, transform_target_method=box-cox, data_split_shuffle=True, data_split_stratify=False, fold_strategy=stratifiedkfold, fold=10, fold_shuffle=False, fold_groups=None, n_jobs=-1, use_gpu=False, custom_pipeline=None, html=True, session_id=None, log_experiment=False, experiment_name=None, log_plots=False, log_profile=False, log_data=False, silent=False, verbose=True, profile=False, profile_kwargs=None, display=None)
2021-04-29 02:39:55,382:INFO:Checking environment
2021-04-29 02:39:55,382:INFO:python_version: 3.7.9
2021-04-29 02:39:55,382:INFO:python_build: ('tags/v3.7.9:13c94747c7', 'Aug 17 2020 18:58:18')
2021-04-29 02:39:55,382:INFO:machine: AMD64
2021-04-29 02:39:55,383:INFO:platform: Windows-10-10.0.19041-SP0
2021-04-29 02:39:55,385:WARNING:cannot find psutil installation. memory not traceable. Install psutil using pip to enable memory logging.
2021-04-29 02:39:55,385:INFO:Checking libraries
2021-04-29 02:39:55,385:INFO:pd==1.0.5
2021-04-29 02:39:55,386:INFO:numpy==1.19.5
2021-04-29 02:39:55,386:INFO:sklearn==0.23.2
2021-04-29 02:39:55,386:INFO:lightgbm==2.3.1
2021-04-29 02:39:55,388:WARNING:catboost not found
2021-04-29 02:39:55,388:INFO:xgboost==1.1.1
2021-04-29 02:39:56,307:INFO:mlflow==1.15.0
2021-04-29 02:39:56,308:INFO:Checking Exceptions
2021-04-29 02:39:56,309:INFO:Declaring global variables
2021-04-29 02:39:56,309:INFO:USI: be34
2021-04-29 02:39:56,310:INFO:pycaret_globals: {'fold_shuffle_param', 'fold_generator', 'imputation_regressor', 'display_container', 'target_param', '_internal_pipeline', '_all_models', 'y', 'seed', 'gpu_param', 'y_train', 'X_test', '_all_metrics', 'X', 'transform_target_param', 'experiment__', 'data_before_preprocess', 'imputation_classifier', '_available_plots', 'pycaret_globals', 'logging_param', 'log_plots_param', 'exp_name_log', 'fold_param', 'USI', 'fix_imbalance_param', 'master_model_container', 'create_model_container', 'prep_pipe', '_gpu_n_jobs_param', 'html_param', 'fix_imbalance_method_param', '_ml_usecase', 'transform_target_method_param', 'iterative_imputation_iters_param', 'stratify_param', 'y_test', '_all_models_internal', 'n_jobs_param', 'X_train', 'fold_groups_param'}
2021-04-29 02:39:56,310:INFO:Preparing display monitor
2021-04-29 02:39:56,310:INFO:Preparing display monitor
2021-04-29 02:39:56,345:INFO:Importing libraries
2021-04-29 02:39:56,345:INFO:Copying data for preprocessing
2021-04-29 02:39:56,376:INFO:Declaring preprocessing parameters
2021-04-29 02:39:56,379:INFO:Creating preprocessing pipeline
2021-04-29 02:39:56,393:INFO:Preprocessing pipeline created successfully
2021-04-29 02:39:56,394:ERROR:(Process Exit): setup has been interupted with user command 'quit'. setup must rerun.
2021-04-29 02:39:56,394:INFO:Creating global containers
2021-04-29 02:39:56,395:INFO:Internal pipeline: Pipeline(memory=None, steps=[('empty_step', 'passthrough')], verbose=False)
2021-04-29 02:39:58,386:WARNING:Couldn't import catboost.CatBoostClassifier
2021-04-29 02:39:58,542:WARNING:Couldn't import catboost.CatBoostClassifier
2021-04-29 02:39:58,543:INFO:Creating grid variables
2021-04-29 02:39:58,634:INFO:create_model_container: 0
2021-04-29 02:39:58,635:INFO:master_model_container: 0
2021-04-29 02:39:58,635:INFO:display_container: 1
2021-04-29 02:39:58,644:INFO:Pipeline(memory=None,
         steps=[('dtypes',
                 DataTypes_Auto_infer(categorical_features=[],
                                      display_types=True, features_todrop=[],
                                      id_columns=[],
                                      ml_usecase='classification',
                                      numerical_features=[], target='species',
                                      time_features=[])),
                ('imputer',
                 Simple_Imputer(categorical_strategy='not_available',
                                fill_value_categorical=None,
                                fill_value_numerical=None,
                                numeric_stra...
                ('scaling', 'passthrough'), ('P_transform', 'passthrough'),
                ('binn', 'passthrough'), ('rem_outliers', 'passthrough'),
                ('cluster_all', 'passthrough'),
                ('dummy', Dummify(target='species')),
                ('fix_perfect', Remove_100(target='species')),
                ('clean_names', Clean_Colum_Names()),
                ('feature_select', 'passthrough'), ('fix_multi', 'passthrough'),
                ('dfs', 'passthrough'), ('pca', 'passthrough')],
         verbose=False)
2021-04-29 02:39:58,645:INFO:setup() succesfully completed......................................
2021-04-29 02:40:17,575:INFO:Initializing compare_models()
2021-04-29 02:40:17,575:INFO:compare_models(include=None, fold=None, round=4, cross_validation=True, sort=Accuracy, n_select=1, budget_time=None, turbo=True, errors=ignore, fit_kwargs=None, groups=None, verbose=True, display=None, exclude=None)
2021-04-29 02:40:17,576:INFO:Checking exceptions
2021-04-29 02:40:17,578:INFO:Preparing display monitor
2021-04-29 02:40:17,579:INFO:Preparing display monitor
2021-04-29 02:40:17,684:INFO:Initializing Logistic Regression
2021-04-29 02:40:17,684:INFO:Total runtime is 0.0 minutes
2021-04-29 02:40:17,715:INFO:SubProcess create_model() called ==================================
2021-04-29 02:40:17,715:INFO:Initializing create_model()
2021-04-29 02:40:17,716:INFO:create_model(estimator=lr, fold=StratifiedKFold(n_splits=10, random_state=None, shuffle=False), round=4, cross_validation=True, predict=True, fit_kwargs={}, groups=None, refit=False, verbose=False, system=False, metrics=None, display=<pycaret.internal.Display.Display object at 0x00000202F04F4C08>, kwargs={})
2021-04-29 02:40:17,716:INFO:Checking exceptions
2021-04-29 02:40:17,716:INFO:Importing libraries
2021-04-29 02:40:17,717:INFO:Copying training dataset
2021-04-29 02:40:17,719:INFO:Defining folds
2021-04-29 02:40:17,719:INFO:Declaring metric variables
2021-04-29 02:40:17,737:INFO:Importing untrained model
2021-04-29 02:40:17,762:INFO:Logistic Regression Imported succesfully
2021-04-29 02:40:17,803:INFO:Starting cross validation
2021-04-29 02:40:17,805:INFO:Cross validating with StratifiedKFold(n_splits=10, random_state=None, shuffle=False), n_jobs=-1
2021-04-29 02:40:26,755:INFO:Calculating mean and std
2021-04-29 02:40:26,755:INFO:Creating metrics dataframe
2021-04-29 02:40:26,770:INFO:Uploading results into container
2021-04-29 02:40:26,770:INFO:Uploading model into container now
2021-04-29 02:40:26,770:INFO:create_model_container: 1
2021-04-29 02:40:26,770:INFO:master_model_container: 1
2021-04-29 02:40:26,770:INFO:display_container: 2
2021-04-29 02:40:26,770:INFO:LogisticRegression(C=1.0, class_weight=None, dual=False, fit_intercept=True,
                   intercept_scaling=1, l1_ratio=None, max_iter=1000,
                   multi_class='auto', n_jobs=None, penalty='l2',
                   random_state=6578, solver='lbfgs', tol=0.0001, verbose=0,
                   warm_start=False)
2021-04-29 02:40:26,770:INFO:create_model() succesfully completed......................................
2021-04-29 02:40:26,884:INFO:SubProcess create_model() end ==================================
2021-04-29 02:40:26,884:INFO:Creating metrics dataframe
2021-04-29 02:40:26,925:INFO:Initializing K Neighbors Classifier
2021-04-29 02:40:26,925:INFO:Total runtime is 0.15401771068572997 minutes
2021-04-29 02:40:26,949:INFO:SubProcess create_model() called ==================================
2021-04-29 02:40:26,950:INFO:Initializing create_model()
2021-04-29 02:40:26,950:INFO:create_model(estimator=knn, fold=StratifiedKFold(n_splits=10, random_state=None, shuffle=False), round=4, cross_validation=True, predict=True, fit_kwargs={}, groups=None, refit=False, verbose=False, system=False, metrics=None, display=<pycaret.internal.Display.Display object at 0x00000202F04F4C08>, kwargs={})
2021-04-29 02:40:26,951:INFO:Checking exceptions
2021-04-29 02:40:26,951:INFO:Importing libraries
2021-04-29 02:40:26,951:INFO:Copying training dataset
2021-04-29 02:40:26,953:INFO:Defining folds
2021-04-29 02:40:26,953:INFO:Declaring metric variables
2021-04-29 02:40:26,976:INFO:Importing untrained model
2021-04-29 02:40:27,005:INFO:K Neighbors Classifier Imported succesfully
2021-04-29 02:40:27,059:INFO:Starting cross validation
2021-04-29 02:40:27,061:INFO:Cross validating with StratifiedKFold(n_splits=10, random_state=None, shuffle=False), n_jobs=-1
2021-04-29 02:40:28,023:INFO:Calculating mean and std
2021-04-29 02:40:28,039:INFO:Creating metrics dataframe
2021-04-29 02:40:28,054:INFO:Uploading results into container
2021-04-29 02:40:28,055:INFO:Uploading model into container now
2021-04-29 02:40:28,058:INFO:create_model_container: 2
2021-04-29 02:40:28,058:INFO:master_model_container: 2
2021-04-29 02:40:28,058:INFO:display_container: 2
2021-04-29 02:40:28,059:INFO:KNeighborsClassifier(algorithm='auto', leaf_size=30, metric='minkowski',
                     metric_params=None, n_jobs=-1, n_neighbors=5, p=2,
                     weights='uniform')
2021-04-29 02:40:28,059:INFO:create_model() succesfully completed......................................
2021-04-29 02:40:28,185:INFO:SubProcess create_model() end ==================================
2021-04-29 02:40:28,185:INFO:Creating metrics dataframe
2021-04-29 02:40:28,217:INFO:Initializing Naive Bayes
2021-04-29 02:40:28,217:INFO:Total runtime is 0.175546129544576 minutes
2021-04-29 02:40:28,252:INFO:SubProcess create_model() called ==================================
2021-04-29 02:40:28,254:INFO:Initializing create_model()
2021-04-29 02:40:28,254:INFO:create_model(estimator=nb, fold=StratifiedKFold(n_splits=10, random_state=None, shuffle=False), round=4, cross_validation=True, predict=True, fit_kwargs={}, groups=None, refit=False, verbose=False, system=False, metrics=None, display=<pycaret.internal.Display.Display object at 0x00000202F04F4C08>, kwargs={})
2021-04-29 02:40:28,254:INFO:Checking exceptions
2021-04-29 02:40:28,254:INFO:Importing libraries
2021-04-29 02:40:28,254:INFO:Copying training dataset
2021-04-29 02:40:28,257:INFO:Defining folds
2021-04-29 02:40:28,257:INFO:Declaring metric variables
2021-04-29 02:40:28,288:INFO:Importing untrained model
2021-04-29 02:40:28,312:INFO:Naive Bayes Imported succesfully
2021-04-29 02:40:28,361:INFO:Starting cross validation
2021-04-29 02:40:28,362:INFO:Cross validating with StratifiedKFold(n_splits=10, random_state=None, shuffle=False), n_jobs=-1
2021-04-29 02:40:28,568:INFO:Calculating mean and std
2021-04-29 02:40:28,568:INFO:Creating metrics dataframe
2021-04-29 02:40:28,589:INFO:Uploading results into container
2021-04-29 02:40:28,589:INFO:Uploading model into container now
2021-04-29 02:40:28,589:INFO:create_model_container: 3
2021-04-29 02:40:28,589:INFO:master_model_container: 3
2021-04-29 02:40:28,589:INFO:display_container: 2
2021-04-29 02:40:28,589:INFO:GaussianNB(priors=None, var_smoothing=1e-09)
2021-04-29 02:40:28,589:INFO:create_model() succesfully completed......................................
2021-04-29 02:40:28,718:INFO:SubProcess create_model() end ==================================
2021-04-29 02:40:28,718:INFO:Creating metrics dataframe
2021-04-29 02:40:28,780:INFO:Initializing Decision Tree Classifier
2021-04-29 02:40:28,780:INFO:Total runtime is 0.18493390878041582 minutes
2021-04-29 02:40:28,825:INFO:SubProcess create_model() called ==================================
2021-04-29 02:40:28,827:INFO:Initializing create_model()
2021-04-29 02:40:28,827:INFO:create_model(estimator=dt, fold=StratifiedKFold(n_splits=10, random_state=None, shuffle=False), round=4, cross_validation=True, predict=True, fit_kwargs={}, groups=None, refit=False, verbose=False, system=False, metrics=None, display=<pycaret.internal.Display.Display object at 0x00000202F04F4C08>, kwargs={})
2021-04-29 02:40:28,827:INFO:Checking exceptions
2021-04-29 02:40:28,827:INFO:Importing libraries
2021-04-29 02:40:28,828:INFO:Copying training dataset
2021-04-29 02:40:28,835:INFO:Defining folds
2021-04-29 02:40:28,836:INFO:Declaring metric variables
2021-04-29 02:40:28,878:INFO:Importing untrained model
2021-04-29 02:40:28,913:INFO:Decision Tree Classifier Imported succesfully
2021-04-29 02:40:29,000:INFO:Starting cross validation
2021-04-29 02:40:29,002:INFO:Cross validating with StratifiedKFold(n_splits=10, random_state=None, shuffle=False), n_jobs=-1
2021-04-29 02:40:29,437:INFO:Calculating mean and std
2021-04-29 02:40:29,452:INFO:Creating metrics dataframe
2021-04-29 02:40:29,470:INFO:Uploading results into container
2021-04-29 02:40:29,470:INFO:Uploading model into container now
2021-04-29 02:40:29,471:INFO:create_model_container: 4
2021-04-29 02:40:29,471:INFO:master_model_container: 4
2021-04-29 02:40:29,472:INFO:display_container: 2
2021-04-29 02:40:29,473:INFO:DecisionTreeClassifier(ccp_alpha=0.0, class_weight=None, criterion='gini',
                       max_depth=None, max_features=None, max_leaf_nodes=None,
                       min_impurity_decrease=0.0, min_impurity_split=None,
                       min_samples_leaf=1, min_samples_split=2,
                       min_weight_fraction_leaf=0.0, presort='deprecated',
                       random_state=6578, splitter='best')
2021-04-29 02:40:29,473:INFO:create_model() succesfully completed......................................
2021-04-29 02:40:29,604:INFO:SubProcess create_model() end ==================================
2021-04-29 02:40:29,604:INFO:Creating metrics dataframe
2021-04-29 02:40:29,666:INFO:Initializing SVM - Linear Kernel
2021-04-29 02:40:29,666:INFO:Total runtime is 0.1997015515963236 minutes
2021-04-29 02:40:29,695:INFO:SubProcess create_model() called ==================================
2021-04-29 02:40:29,696:INFO:Initializing create_model()
2021-04-29 02:40:29,696:INFO:create_model(estimator=svm, fold=StratifiedKFold(n_splits=10, random_state=None, shuffle=False), round=4, cross_validation=True, predict=True, fit_kwargs={}, groups=None, refit=False, verbose=False, system=False, metrics=None, display=<pycaret.internal.Display.Display object at 0x00000202F04F4C08>, kwargs={})
2021-04-29 02:40:29,697:INFO:Checking exceptions
2021-04-29 02:40:29,697:INFO:Importing libraries
2021-04-29 02:40:29,697:INFO:Copying training dataset
2021-04-29 02:40:29,699:INFO:Defining folds
2021-04-29 02:40:29,699:INFO:Declaring metric variables
2021-04-29 02:40:29,725:INFO:Importing untrained model
2021-04-29 02:40:29,748:INFO:SVM - Linear Kernel Imported succesfully
2021-04-29 02:40:29,795:INFO:Starting cross validation
2021-04-29 02:40:29,797:INFO:Cross validating with StratifiedKFold(n_splits=10, random_state=None, shuffle=False), n_jobs=-1
2021-04-29 02:40:30,359:INFO:Calculating mean and std
2021-04-29 02:40:30,359:INFO:Creating metrics dataframe
2021-04-29 02:40:30,374:INFO:Uploading results into container
2021-04-29 02:40:30,374:INFO:Uploading model into container now
2021-04-29 02:40:30,390:INFO:create_model_container: 5
2021-04-29 02:40:30,390:INFO:master_model_container: 5
2021-04-29 02:40:30,390:INFO:display_container: 2
2021-04-29 02:40:30,390:INFO:SGDClassifier(alpha=0.0001, average=False, class_weight=None,
              early_stopping=False, epsilon=0.1, eta0=0.001, fit_intercept=True,
              l1_ratio=0.15, learning_rate='optimal', loss='hinge',
              max_iter=1000, n_iter_no_change=5, n_jobs=-1, penalty='l2',
              power_t=0.5, random_state=6578, shuffle=True, tol=0.001,
              validation_fraction=0.1, verbose=0, warm_start=False)
2021-04-29 02:40:30,390:INFO:create_model() succesfully completed......................................
2021-04-29 02:40:30,535:INFO:SubProcess create_model() end ==================================
2021-04-29 02:40:30,535:INFO:Creating metrics dataframe
2021-04-29 02:40:30,582:INFO:Initializing Ridge Classifier
2021-04-29 02:40:30,582:INFO:Total runtime is 0.21496666669845577 minutes
2021-04-29 02:40:30,602:INFO:SubProcess create_model() called ==================================
2021-04-29 02:40:30,603:INFO:Initializing create_model()
2021-04-29 02:40:30,604:INFO:create_model(estimator=ridge, fold=StratifiedKFold(n_splits=10, random_state=None, shuffle=False), round=4, cross_validation=True, predict=True, fit_kwargs={}, groups=None, refit=False, verbose=False, system=False, metrics=None, display=<pycaret.internal.Display.Display object at 0x00000202F04F4C08>, kwargs={})
2021-04-29 02:40:30,604:INFO:Checking exceptions
2021-04-29 02:40:30,604:INFO:Importing libraries
2021-04-29 02:40:30,605:INFO:Copying training dataset
2021-04-29 02:40:30,607:INFO:Defining folds
2021-04-29 02:40:30,607:INFO:Declaring metric variables
2021-04-29 02:40:30,630:INFO:Importing untrained model
2021-04-29 02:40:30,651:INFO:Ridge Classifier Imported succesfully
2021-04-29 02:40:30,710:INFO:Starting cross validation
2021-04-29 02:40:30,711:INFO:Cross validating with StratifiedKFold(n_splits=10, random_state=None, shuffle=False), n_jobs=-1
2021-04-29 02:40:30,931:INFO:Calculating mean and std
2021-04-29 02:40:30,933:INFO:Creating metrics dataframe
2021-04-29 02:40:30,937:INFO:Uploading results into container
2021-04-29 02:40:30,937:INFO:Uploading model into container now
2021-04-29 02:40:30,937:INFO:create_model_container: 6
2021-04-29 02:40:30,937:INFO:master_model_container: 6
2021-04-29 02:40:30,937:INFO:display_container: 2
2021-04-29 02:40:30,937:INFO:RidgeClassifier(alpha=1.0, class_weight=None, copy_X=True, fit_intercept=True,
                max_iter=None, normalize=False, random_state=6578,
                solver='auto', tol=0.001)
2021-04-29 02:40:30,937:INFO:create_model() succesfully completed......................................
2021-04-29 02:40:31,050:INFO:SubProcess create_model() end ==================================
2021-04-29 02:40:31,050:INFO:Creating metrics dataframe
2021-04-29 02:40:31,097:INFO:Initializing Random Forest Classifier
2021-04-29 02:40:31,097:INFO:Total runtime is 0.22355259656906123 minutes
2021-04-29 02:40:31,124:INFO:SubProcess create_model() called ==================================
2021-04-29 02:40:31,124:INFO:Initializing create_model()
2021-04-29 02:40:31,125:INFO:create_model(estimator=rf, fold=StratifiedKFold(n_splits=10, random_state=None, shuffle=False), round=4, cross_validation=True, predict=True, fit_kwargs={}, groups=None, refit=False, verbose=False, system=False, metrics=None, display=<pycaret.internal.Display.Display object at 0x00000202F04F4C08>, kwargs={})
2021-04-29 02:40:31,125:INFO:Checking exceptions
2021-04-29 02:40:31,125:INFO:Importing libraries
2021-04-29 02:40:31,125:INFO:Copying training dataset
2021-04-29 02:40:31,128:INFO:Defining folds
2021-04-29 02:40:31,128:INFO:Declaring metric variables
2021-04-29 02:40:31,156:INFO:Importing untrained model
2021-04-29 02:40:31,176:INFO:Random Forest Classifier Imported succesfully
2021-04-29 02:40:31,225:INFO:Starting cross validation
2021-04-29 02:40:31,227:INFO:Cross validating with StratifiedKFold(n_splits=10, random_state=None, shuffle=False), n_jobs=-1
2021-04-29 02:40:34,886:INFO:Calculating mean and std
2021-04-29 02:40:34,886:INFO:Creating metrics dataframe
2021-04-29 02:40:34,901:INFO:Uploading results into container
2021-04-29 02:40:34,901:INFO:Uploading model into container now
2021-04-29 02:40:34,901:INFO:create_model_container: 7
2021-04-29 02:40:34,901:INFO:master_model_container: 7
2021-04-29 02:40:34,901:INFO:display_container: 2
2021-04-29 02:40:34,901:INFO:RandomForestClassifier(bootstrap=True, ccp_alpha=0.0, class_weight=None,
                       criterion='gini', max_depth=None, max_features='auto',
                       max_leaf_nodes=None, max_samples=None,
                       min_impurity_decrease=0.0, min_impurity_split=None,
                       min_samples_leaf=1, min_samples_split=2,
                       min_weight_fraction_leaf=0.0, n_estimators=100,
                       n_jobs=-1, oob_score=False, random_state=6578, verbose=0,
                       warm_start=False)
2021-04-29 02:40:34,901:INFO:create_model() succesfully completed......................................
2021-04-29 02:40:35,083:INFO:SubProcess create_model() end ==================================
2021-04-29 02:40:35,083:INFO:Creating metrics dataframe
2021-04-29 02:40:35,181:INFO:Initializing Quadratic Discriminant Analysis
2021-04-29 02:40:35,181:INFO:Total runtime is 0.2916181087493896 minutes
2021-04-29 02:40:35,208:INFO:SubProcess create_model() called ==================================
2021-04-29 02:40:35,208:INFO:Initializing create_model()
2021-04-29 02:40:35,209:INFO:create_model(estimator=qda, fold=StratifiedKFold(n_splits=10, random_state=None, shuffle=False), round=4, cross_validation=True, predict=True, fit_kwargs={}, groups=None, refit=False, verbose=False, system=False, metrics=None, display=<pycaret.internal.Display.Display object at 0x00000202F04F4C08>, kwargs={})
2021-04-29 02:40:35,209:INFO:Checking exceptions
2021-04-29 02:40:35,210:INFO:Importing libraries
2021-04-29 02:40:35,210:INFO:Copying training dataset
2021-04-29 02:40:35,212:INFO:Defining folds
2021-04-29 02:40:35,213:INFO:Declaring metric variables
2021-04-29 02:40:35,238:INFO:Importing untrained model
2021-04-29 02:40:35,261:INFO:Quadratic Discriminant Analysis Imported succesfully
2021-04-29 02:40:35,307:INFO:Starting cross validation
2021-04-29 02:40:35,309:INFO:Cross validating with StratifiedKFold(n_splits=10, random_state=None, shuffle=False), n_jobs=-1
2021-04-29 02:40:35,572:INFO:Calculating mean and std
2021-04-29 02:40:35,575:INFO:Creating metrics dataframe
2021-04-29 02:40:35,585:INFO:Uploading results into container
2021-04-29 02:40:35,586:INFO:Uploading model into container now
2021-04-29 02:40:35,587:INFO:create_model_container: 8
2021-04-29 02:40:35,587:INFO:master_model_container: 8
2021-04-29 02:40:35,587:INFO:display_container: 2
2021-04-29 02:40:35,588:INFO:QuadraticDiscriminantAnalysis(priors=None, reg_param=0.0,
                              store_covariance=False, tol=0.0001)
2021-04-29 02:40:35,588:INFO:create_model() succesfully completed......................................
2021-04-29 02:40:35,706:INFO:SubProcess create_model() end ==================================
2021-04-29 02:40:35,706:INFO:Creating metrics dataframe
2021-04-29 02:40:35,770:INFO:Initializing Ada Boost Classifier
2021-04-29 02:40:35,770:INFO:Total runtime is 0.301441216468811 minutes
2021-04-29 02:40:35,798:INFO:SubProcess create_model() called ==================================
2021-04-29 02:40:35,799:INFO:Initializing create_model()
2021-04-29 02:40:35,799:INFO:create_model(estimator=ada, fold=StratifiedKFold(n_splits=10, random_state=None, shuffle=False), round=4, cross_validation=True, predict=True, fit_kwargs={}, groups=None, refit=False, verbose=False, system=False, metrics=None, display=<pycaret.internal.Display.Display object at 0x00000202F04F4C08>, kwargs={})
2021-04-29 02:40:35,799:INFO:Checking exceptions
2021-04-29 02:40:35,800:INFO:Importing libraries
2021-04-29 02:40:35,800:INFO:Copying training dataset
2021-04-29 02:40:35,802:INFO:Defining folds
2021-04-29 02:40:35,802:INFO:Declaring metric variables
2021-04-29 02:40:35,822:INFO:Importing untrained model
2021-04-29 02:40:35,844:INFO:Ada Boost Classifier Imported succesfully
2021-04-29 02:40:35,893:INFO:Starting cross validation
2021-04-29 02:40:35,894:INFO:Cross validating with StratifiedKFold(n_splits=10, random_state=None, shuffle=False), n_jobs=-1
2021-04-29 02:40:36,654:INFO:Calculating mean and std
2021-04-29 02:40:36,654:INFO:Creating metrics dataframe
2021-04-29 02:40:36,674:INFO:Uploading results into container
2021-04-29 02:40:36,674:INFO:Uploading model into container now
2021-04-29 02:40:36,675:INFO:create_model_container: 9
2021-04-29 02:40:36,675:INFO:master_model_container: 9
2021-04-29 02:40:36,675:INFO:display_container: 2
2021-04-29 02:40:36,676:INFO:AdaBoostClassifier(algorithm='SAMME.R', base_estimator=None, learning_rate=1.0,
                   n_estimators=50, random_state=6578)
2021-04-29 02:40:36,676:INFO:create_model() succesfully completed......................................
2021-04-29 02:40:36,826:INFO:SubProcess create_model() end ==================================
2021-04-29 02:40:36,826:INFO:Creating metrics dataframe
2021-04-29 02:40:36,909:INFO:Initializing Gradient Boosting Classifier
2021-04-29 02:40:36,909:INFO:Total runtime is 0.32042338450749713 minutes
2021-04-29 02:40:36,934:INFO:SubProcess create_model() called ==================================
2021-04-29 02:40:36,935:INFO:Initializing create_model()
2021-04-29 02:40:36,935:INFO:create_model(estimator=gbc, fold=StratifiedKFold(n_splits=10, random_state=None, shuffle=False), round=4, cross_validation=True, predict=True, fit_kwargs={}, groups=None, refit=False, verbose=False, system=False, metrics=None, display=<pycaret.internal.Display.Display object at 0x00000202F04F4C08>, kwargs={})
2021-04-29 02:40:36,935:INFO:Checking exceptions
2021-04-29 02:40:36,936:INFO:Importing libraries
2021-04-29 02:40:36,936:INFO:Copying training dataset
2021-04-29 02:40:36,939:INFO:Defining folds
2021-04-29 02:40:36,939:INFO:Declaring metric variables
2021-04-29 02:40:36,959:INFO:Importing untrained model
2021-04-29 02:40:36,978:INFO:Gradient Boosting Classifier Imported succesfully
2021-04-29 02:40:37,027:INFO:Starting cross validation
2021-04-29 02:40:37,029:INFO:Cross validating with StratifiedKFold(n_splits=10, random_state=None, shuffle=False), n_jobs=-1
2021-04-29 02:40:39,418:INFO:Calculating mean and std
2021-04-29 02:40:39,422:INFO:Creating metrics dataframe
2021-04-29 02:40:39,440:INFO:Uploading results into container
2021-04-29 02:40:39,440:INFO:Uploading model into container now
2021-04-29 02:40:39,441:INFO:create_model_container: 10
2021-04-29 02:40:39,441:INFO:master_model_container: 10
2021-04-29 02:40:39,441:INFO:display_container: 2
2021-04-29 02:40:39,443:INFO:GradientBoostingClassifier(ccp_alpha=0.0, criterion='friedman_mse', init=None,
                           learning_rate=0.1, loss='deviance', max_depth=3,
                           max_features=None, max_leaf_nodes=None,
                           min_impurity_decrease=0.0, min_impurity_split=None,
                           min_samples_leaf=1, min_samples_split=2,
                           min_weight_fraction_leaf=0.0, n_estimators=100,
                           n_iter_no_change=None, presort='deprecated',
                           random_state=6578, subsample=1.0, tol=0.0001,
                           validation_fraction=0.1, verbose=0,
                           warm_start=False)
2021-04-29 02:40:39,444:INFO:create_model() succesfully completed......................................
2021-04-29 02:40:39,601:INFO:SubProcess create_model() end ==================================
2021-04-29 02:40:39,601:INFO:Creating metrics dataframe
2021-04-29 02:40:39,763:INFO:Initializing Linear Discriminant Analysis
2021-04-29 02:40:39,763:INFO:Total runtime is 0.3679849664370219 minutes
2021-04-29 02:40:39,794:INFO:SubProcess create_model() called ==================================
2021-04-29 02:40:39,795:INFO:Initializing create_model()
2021-04-29 02:40:39,796:INFO:create_model(estimator=lda, fold=StratifiedKFold(n_splits=10, random_state=None, shuffle=False), round=4, cross_validation=True, predict=True, fit_kwargs={}, groups=None, refit=False, verbose=False, system=False, metrics=None, display=<pycaret.internal.Display.Display object at 0x00000202F04F4C08>, kwargs={})
2021-04-29 02:40:39,796:INFO:Checking exceptions
2021-04-29 02:40:39,796:INFO:Importing libraries
2021-04-29 02:40:39,796:INFO:Copying training dataset
2021-04-29 02:40:39,799:INFO:Defining folds
2021-04-29 02:40:39,799:INFO:Declaring metric variables
2021-04-29 02:40:39,830:INFO:Importing untrained model
2021-04-29 02:40:39,858:INFO:Linear Discriminant Analysis Imported succesfully
2021-04-29 02:40:39,914:INFO:Starting cross validation
2021-04-29 02:40:39,915:INFO:Cross validating with StratifiedKFold(n_splits=10, random_state=None, shuffle=False), n_jobs=-1
2021-04-29 02:40:40,269:INFO:Calculating mean and std
2021-04-29 02:40:40,272:INFO:Creating metrics dataframe
2021-04-29 02:40:40,289:INFO:Uploading results into container
2021-04-29 02:40:40,290:INFO:Uploading model into container now
2021-04-29 02:40:40,290:INFO:create_model_container: 11
2021-04-29 02:40:40,290:INFO:master_model_container: 11
2021-04-29 02:40:40,291:INFO:display_container: 2
2021-04-29 02:40:40,291:INFO:LinearDiscriminantAnalysis(n_components=None, priors=None, shrinkage=None,
                           solver='svd', store_covariance=False, tol=0.0001)
2021-04-29 02:40:40,292:INFO:create_model() succesfully completed......................................
2021-04-29 02:40:40,449:INFO:SubProcess create_model() end ==================================
2021-04-29 02:40:40,450:INFO:Creating metrics dataframe
2021-04-29 02:40:40,695:INFO:Initializing Extra Trees Classifier
2021-04-29 02:40:40,695:INFO:Total runtime is 0.38352165222167967 minutes
2021-04-29 02:40:40,730:INFO:SubProcess create_model() called ==================================
2021-04-29 02:40:40,731:INFO:Initializing create_model()
2021-04-29 02:40:40,732:INFO:create_model(estimator=et, fold=StratifiedKFold(n_splits=10, random_state=None, shuffle=False), round=4, cross_validation=True, predict=True, fit_kwargs={}, groups=None, refit=False, verbose=False, system=False, metrics=None, display=<pycaret.internal.Display.Display object at 0x00000202F04F4C08>, kwargs={})
2021-04-29 02:40:40,732:INFO:Checking exceptions
2021-04-29 02:40:40,732:INFO:Importing libraries
2021-04-29 02:40:40,732:INFO:Copying training dataset
2021-04-29 02:40:40,735:INFO:Defining folds
2021-04-29 02:40:40,736:INFO:Declaring metric variables
2021-04-29 02:40:40,777:INFO:Importing untrained model
2021-04-29 02:40:40,809:INFO:Extra Trees Classifier Imported succesfully
2021-04-29 02:40:40,883:INFO:Starting cross validation
2021-04-29 02:40:40,885:INFO:Cross validating with StratifiedKFold(n_splits=10, random_state=None, shuffle=False), n_jobs=-1
2021-04-29 02:40:44,511:INFO:Calculating mean and std
2021-04-29 02:40:44,511:INFO:Creating metrics dataframe
2021-04-29 02:40:44,526:INFO:Uploading results into container
2021-04-29 02:40:44,526:INFO:Uploading model into container now
2021-04-29 02:40:44,526:INFO:create_model_container: 12
2021-04-29 02:40:44,526:INFO:master_model_container: 12
2021-04-29 02:40:44,526:INFO:display_container: 2
2021-04-29 02:40:44,526:INFO:ExtraTreesClassifier(bootstrap=False, ccp_alpha=0.0, class_weight=None,
                     criterion='gini', max_depth=None, max_features='auto',
                     max_leaf_nodes=None, max_samples=None,
                     min_impurity_decrease=0.0, min_impurity_split=None,
                     min_samples_leaf=1, min_samples_split=2,
                     min_weight_fraction_leaf=0.0, n_estimators=100, n_jobs=-1,
                     oob_score=False, random_state=6578, verbose=0,
                     warm_start=False)
2021-04-29 02:40:44,526:INFO:create_model() succesfully completed......................................
2021-04-29 02:40:44,701:INFO:SubProcess create_model() end ==================================
2021-04-29 02:40:44,701:INFO:Creating metrics dataframe
2021-04-29 02:40:44,826:INFO:Initializing Extreme Gradient Boosting
2021-04-29 02:40:44,826:INFO:Total runtime is 0.45237226883570353 minutes
2021-04-29 02:40:44,854:INFO:SubProcess create_model() called ==================================
2021-04-29 02:40:44,855:INFO:Initializing create_model()
2021-04-29 02:40:44,855:INFO:create_model(estimator=xgboost, fold=StratifiedKFold(n_splits=10, random_state=None, shuffle=False), round=4, cross_validation=True, predict=True, fit_kwargs={}, groups=None, refit=False, verbose=False, system=False, metrics=None, display=<pycaret.internal.Display.Display object at 0x00000202F04F4C08>, kwargs={})
2021-04-29 02:40:44,856:INFO:Checking exceptions
2021-04-29 02:40:44,856:INFO:Importing libraries
2021-04-29 02:40:44,856:INFO:Copying training dataset
2021-04-29 02:40:44,859:INFO:Defining folds
2021-04-29 02:40:44,859:INFO:Declaring metric variables
2021-04-29 02:40:44,889:INFO:Importing untrained model
2021-04-29 02:40:44,918:INFO:Extreme Gradient Boosting Imported succesfully
2021-04-29 02:40:44,981:INFO:Starting cross validation
2021-04-29 02:40:44,982:WARNING:create_model() for xgboost raised an exception or returned all 0.0, trying without fit_kwargs:
2021-04-29 02:40:44,993:WARNING:Traceback (most recent call last):
  File "c:\python37\lib\site-packages\pycaret\internal\pipeline.py", line 223, in add_estimator_to_pipeline
    assert hasattr(pipeline._final_estimator, "predict")
AssertionError

During handling of the above exception, another exception occurred:

Traceback (most recent call last):
  File "c:\python37\lib\site-packages\pycaret\internal\tabular.py", line 2173, in compare_models
    refit=False,
  File "c:\python37\lib\site-packages\pycaret\internal\tabular.py", line 3107, in create_model_supervised
    with estimator_pipeline(_internal_pipeline, model) as pipeline_with_model:
  File "c:\python37\lib\site-packages\pycaret\internal\pipeline.py", line 205, in __enter__
    add_estimator_to_pipeline(self.pipeline, self.estimator)
  File "c:\python37\lib\site-packages\pycaret\internal\pipeline.py", line 228, in add_estimator_to_pipeline
    pipeline._carry_over_final_estimator_fit_vars()
  File "c:\python37\lib\site-packages\pycaret\internal\pipeline.py", line 58, in _carry_over_final_estimator_fit_vars
    self._final_estimator
  File "c:\python37\lib\site-packages\pycaret\internal\utils.py", line 573, in get_all_object_vars_and_properties
    for k in object.__dir__()
  File "c:\python37\lib\site-packages\pycaret\internal\utils.py", line 574, in <dictcomp>
    if k[:2] != "__" and type(getattr(object, k, "")).__name__ != "method"
  File "c:\python37\lib\site-packages\xgboost\sklearn.py", line 687, in feature_importances_
    b = self.get_booster()
  File "c:\python37\lib\site-packages\xgboost\sklearn.py", line 261, in get_booster
    raise XGBoostError('need to call fit or load_model beforehand')
xgboost.core.XGBoostError: need to call fit or load_model beforehand

2021-04-29 02:40:44,994:INFO:Initializing create_model()
2021-04-29 02:40:44,994:INFO:create_model(estimator=xgboost, fold=StratifiedKFold(n_splits=10, random_state=None, shuffle=False), round=4, cross_validation=True, predict=True, fit_kwargs=None, groups=None, refit=False, verbose=False, system=False, metrics=None, display=<pycaret.internal.Display.Display object at 0x00000202F04F4C08>, kwargs={})
2021-04-29 02:40:44,995:INFO:Checking exceptions
2021-04-29 02:40:44,995:INFO:Importing libraries
2021-04-29 02:40:44,995:INFO:Copying training dataset
2021-04-29 02:40:44,998:INFO:Defining folds
2021-04-29 02:40:44,998:INFO:Declaring metric variables
2021-04-29 02:40:45,024:INFO:Importing untrained model
2021-04-29 02:40:45,052:INFO:Extreme Gradient Boosting Imported succesfully
2021-04-29 02:40:45,108:INFO:Starting cross validation
2021-04-29 02:40:45,110:ERROR:create_model() for xgboost raised an exception:
2021-04-29 02:40:45,113:ERROR:Traceback (most recent call last):
  File "c:\python37\lib\site-packages\pycaret\internal\pipeline.py", line 223, in add_estimator_to_pipeline
    assert hasattr(pipeline._final_estimator, "predict")
AssertionError

During handling of the above exception, another exception occurred:

Traceback (most recent call last):
  File "c:\python37\lib\site-packages\pycaret\internal\tabular.py", line 2173, in compare_models
    refit=False,
  File "c:\python37\lib\site-packages\pycaret\internal\tabular.py", line 3107, in create_model_supervised
    with estimator_pipeline(_internal_pipeline, model) as pipeline_with_model:
  File "c:\python37\lib\site-packages\pycaret\internal\pipeline.py", line 205, in __enter__
    add_estimator_to_pipeline(self.pipeline, self.estimator)
  File "c:\python37\lib\site-packages\pycaret\internal\pipeline.py", line 228, in add_estimator_to_pipeline
    pipeline._carry_over_final_estimator_fit_vars()
  File "c:\python37\lib\site-packages\pycaret\internal\pipeline.py", line 58, in _carry_over_final_estimator_fit_vars
    self._final_estimator
  File "c:\python37\lib\site-packages\pycaret\internal\utils.py", line 573, in get_all_object_vars_and_properties
    for k in object.__dir__()
  File "c:\python37\lib\site-packages\pycaret\internal\utils.py", line 574, in <dictcomp>
    if k[:2] != "__" and type(getattr(object, k, "")).__name__ != "method"
  File "c:\python37\lib\site-packages\xgboost\sklearn.py", line 687, in feature_importances_
    b = self.get_booster()
  File "c:\python37\lib\site-packages\xgboost\sklearn.py", line 261, in get_booster
    raise XGBoostError('need to call fit or load_model beforehand')
xgboost.core.XGBoostError: need to call fit or load_model beforehand

During handling of the above exception, another exception occurred:

Traceback (most recent call last):
  File "c:\python37\lib\site-packages\pycaret\internal\pipeline.py", line 223, in add_estimator_to_pipeline
    assert hasattr(pipeline._final_estimator, "predict")
AssertionError

During handling of the above exception, another exception occurred:

Traceback (most recent call last):
  File "c:\python37\lib\site-packages\pycaret\internal\tabular.py", line 2192, in compare_models
    refit=False,
  File "c:\python37\lib\site-packages\pycaret\internal\tabular.py", line 3107, in create_model_supervised
    with estimator_pipeline(_internal_pipeline, model) as pipeline_with_model:
  File "c:\python37\lib\site-packages\pycaret\internal\pipeline.py", line 205, in __enter__
    add_estimator_to_pipeline(self.pipeline, self.estimator)
  File "c:\python37\lib\site-packages\pycaret\internal\pipeline.py", line 228, in add_estimator_to_pipeline
    pipeline._carry_over_final_estimator_fit_vars()
  File "c:\python37\lib\site-packages\pycaret\internal\pipeline.py", line 58, in _carry_over_final_estimator_fit_vars
    self._final_estimator
  File "c:\python37\lib\site-packages\pycaret\internal\utils.py", line 573, in get_all_object_vars_and_properties
    for k in object.__dir__()
  File "c:\python37\lib\site-packages\pycaret\internal\utils.py", line 574, in <dictcomp>
    if k[:2] != "__" and type(getattr(object, k, "")).__name__ != "method"
  File "c:\python37\lib\site-packages\xgboost\sklearn.py", line 687, in feature_importances_
    b = self.get_booster()
  File "c:\python37\lib\site-packages\xgboost\sklearn.py", line 261, in get_booster
    raise XGBoostError('need to call fit or load_model beforehand')
xgboost.core.XGBoostError: need to call fit or load_model beforehand

2021-04-29 02:40:45,113:INFO:Initializing Light Gradient Boosting Machine
2021-04-29 02:40:45,113:INFO:Total runtime is 0.45715078512827556 minutes
2021-04-29 02:40:45,146:INFO:SubProcess create_model() called ==================================
2021-04-29 02:40:45,148:INFO:Initializing create_model()
2021-04-29 02:40:45,148:INFO:create_model(estimator=lightgbm, fold=StratifiedKFold(n_splits=10, random_state=None, shuffle=False), round=4, cross_validation=True, predict=True, fit_kwargs={}, groups=None, refit=False, verbose=False, system=False, metrics=None, display=<pycaret.internal.Display.Display object at 0x00000202F04F4C08>, kwargs={})
2021-04-29 02:40:45,148:INFO:Checking exceptions
2021-04-29 02:40:45,148:INFO:Importing libraries
2021-04-29 02:40:45,149:INFO:Copying training dataset
2021-04-29 02:40:45,152:INFO:Defining folds
2021-04-29 02:40:45,152:INFO:Declaring metric variables
2021-04-29 02:40:45,178:INFO:Importing untrained model
2021-04-29 02:40:45,208:INFO:Light Gradient Boosting Machine Imported succesfully
2021-04-29 02:40:45,263:INFO:Starting cross validation
2021-04-29 02:40:45,265:INFO:Cross validating with StratifiedKFold(n_splits=10, random_state=None, shuffle=False), n_jobs=-1
2021-04-29 02:40:45,914:INFO:Calculating mean and std
2021-04-29 02:40:45,917:INFO:Creating metrics dataframe
2021-04-29 02:40:45,920:INFO:Uploading results into container
2021-04-29 02:40:45,920:INFO:Uploading model into container now
2021-04-29 02:40:45,920:INFO:create_model_container: 13
2021-04-29 02:40:45,920:INFO:master_model_container: 13
2021-04-29 02:40:45,920:INFO:display_container: 2
2021-04-29 02:40:45,920:INFO:LGBMClassifier(boosting_type='gbdt', class_weight=None, colsample_bytree=1.0,
               importance_type='split', learning_rate=0.1, max_depth=-1,
               min_child_samples=20, min_child_weight=0.001, min_split_gain=0.0,
               n_estimators=100, n_jobs=-1, num_leaves=31, objective=None,
               random_state=6578, reg_alpha=0.0, reg_lambda=0.0, silent=True,
               subsample=1.0, subsample_for_bin=200000, subsample_freq=0)
2021-04-29 02:40:45,920:INFO:create_model() succesfully completed......................................
2021-04-29 02:40:46,045:INFO:SubProcess create_model() end ==================================
2021-04-29 02:40:46,045:INFO:Creating metrics dataframe
2021-04-29 02:40:46,323:INFO:Initializing create_model()
2021-04-29 02:40:46,323:INFO:create_model(estimator=LinearDiscriminantAnalysis(n_components=None, priors=None, shrinkage=None,
                           solver='svd', store_covariance=False, tol=0.0001), fold=StratifiedKFold(n_splits=10, random_state=None, shuffle=False), round=4, cross_validation=False, predict=False, fit_kwargs={}, groups=None, refit=True, verbose=False, system=False, metrics=None, display=None, kwargs={})
2021-04-29 02:40:46,324:INFO:Checking exceptions
2021-04-29 02:40:46,324:INFO:Importing libraries
2021-04-29 02:40:46,325:INFO:Copying training dataset
2021-04-29 02:40:46,326:INFO:Defining folds
2021-04-29 02:40:46,326:INFO:Declaring metric variables
2021-04-29 02:40:46,326:INFO:Importing untrained model
2021-04-29 02:40:46,326:INFO:Declaring custom model
2021-04-29 02:40:46,328:INFO:Linear Discriminant Analysis Imported succesfully
2021-04-29 02:40:46,329:INFO:Cross validation set to False
2021-04-29 02:40:46,329:INFO:Fitting Model
2021-04-29 02:40:46,342:INFO:LinearDiscriminantAnalysis(n_components=None, priors=None, shrinkage=None,
                           solver='svd', store_covariance=False, tol=0.0001)
2021-04-29 02:40:46,343:INFO:create_models() succesfully completed......................................
2021-04-29 02:40:46,836:INFO:create_model_container: 13
2021-04-29 02:40:46,836:INFO:master_model_container: 13
2021-04-29 02:40:46,836:INFO:display_container: 2
2021-04-29 02:40:46,836:INFO:LinearDiscriminantAnalysis(n_components=None, priors=None, shrinkage=None,
                           solver='svd', store_covariance=False, tol=0.0001)
2021-04-29 02:40:46,836:INFO:compare_models() succesfully completed......................................
2021-04-29 02:41:06,067:INFO:Initializing compare_models()
2021-04-29 02:41:06,068:INFO:compare_models(include=None, fold=None, round=4, cross_validation=True, sort=Accuracy, n_select=1, budget_time=None, turbo=True, errors=ignore, fit_kwargs=None, groups=None, verbose=True, display=None, exclude=None)
2021-04-29 02:41:06,069:INFO:Checking exceptions
2021-04-29 02:41:06,071:INFO:Preparing display monitor
2021-04-29 02:41:06,072:INFO:Preparing display monitor
2021-04-29 02:41:06,146:INFO:Initializing Logistic Regression
2021-04-29 02:41:06,146:INFO:Total runtime is 0.0 minutes
2021-04-29 02:41:06,176:INFO:SubProcess create_model() called ==================================
2021-04-29 02:41:06,177:INFO:Initializing create_model()
2021-04-29 02:41:06,177:INFO:create_model(estimator=lr, fold=StratifiedKFold(n_splits=10, random_state=None, shuffle=False), round=4, cross_validation=True, predict=True, fit_kwargs={}, groups=None, refit=False, verbose=False, system=False, metrics=None, display=<pycaret.internal.Display.Display object at 0x00000202F06ABE08>, kwargs={})
2021-04-29 02:41:06,177:INFO:Checking exceptions
2021-04-29 02:41:06,177:INFO:Importing libraries
2021-04-29 02:41:06,178:INFO:Copying training dataset
2021-04-29 02:41:06,181:INFO:Defining folds
2021-04-29 02:41:06,181:INFO:Declaring metric variables
2021-04-29 02:41:06,206:INFO:Importing untrained model
2021-04-29 02:41:06,232:INFO:Logistic Regression Imported succesfully
2021-04-29 02:41:06,274:INFO:Starting cross validation
2021-04-29 02:41:06,275:INFO:Cross validating with StratifiedKFold(n_splits=10, random_state=None, shuffle=False), n_jobs=-1
2021-04-29 02:41:06,736:INFO:Calculating mean and std
2021-04-29 02:41:06,736:INFO:Creating metrics dataframe
2021-04-29 02:41:06,736:INFO:Uploading results into container
2021-04-29 02:41:06,736:INFO:Uploading model into container now
2021-04-29 02:41:06,736:INFO:create_model_container: 14
2021-04-29 02:41:06,736:INFO:master_model_container: 14
2021-04-29 02:41:06,736:INFO:display_container: 3
2021-04-29 02:41:06,736:INFO:LogisticRegression(C=1.0, class_weight=None, dual=False, fit_intercept=True,
                   intercept_scaling=1, l1_ratio=None, max_iter=1000,
                   multi_class='auto', n_jobs=None, penalty='l2',
                   random_state=6578, solver='lbfgs', tol=0.0001, verbose=0,
                   warm_start=False)
2021-04-29 02:41:06,736:INFO:create_model() succesfully completed......................................
2021-04-29 02:41:06,869:INFO:SubProcess create_model() end ==================================
2021-04-29 02:41:06,869:INFO:Creating metrics dataframe
2021-04-29 02:41:06,901:INFO:Initializing K Neighbors Classifier
2021-04-29 02:41:06,901:INFO:Total runtime is 0.01257492701212565 minutes
2021-04-29 02:41:06,929:INFO:SubProcess create_model() called ==================================
2021-04-29 02:41:06,930:INFO:Initializing create_model()
2021-04-29 02:41:06,930:INFO:create_model(estimator=knn, fold=StratifiedKFold(n_splits=10, random_state=None, shuffle=False), round=4, cross_validation=True, predict=True, fit_kwargs={}, groups=None, refit=False, verbose=False, system=False, metrics=None, display=<pycaret.internal.Display.Display object at 0x00000202F06ABE08>, kwargs={})
2021-04-29 02:41:06,931:INFO:Checking exceptions
2021-04-29 02:41:06,931:INFO:Importing libraries
2021-04-29 02:41:06,931:INFO:Copying training dataset
2021-04-29 02:41:06,934:INFO:Defining folds
2021-04-29 02:41:06,934:INFO:Declaring metric variables
2021-04-29 02:41:06,969:INFO:Importing untrained model
2021-04-29 02:41:06,997:INFO:K Neighbors Classifier Imported succesfully
2021-04-29 02:41:07,066:INFO:Starting cross validation
2021-04-29 02:41:07,067:INFO:Cross validating with StratifiedKFold(n_splits=10, random_state=None, shuffle=False), n_jobs=-1
2021-04-29 02:41:08,091:INFO:Calculating mean and std
2021-04-29 02:41:08,094:INFO:Creating metrics dataframe
2021-04-29 02:41:08,109:INFO:Uploading results into container
2021-04-29 02:41:08,109:INFO:Uploading model into container now
2021-04-29 02:41:08,109:INFO:create_model_container: 15
2021-04-29 02:41:08,110:INFO:master_model_container: 15
2021-04-29 02:41:08,110:INFO:display_container: 3
2021-04-29 02:41:08,110:INFO:KNeighborsClassifier(algorithm='auto', leaf_size=30, metric='minkowski',
                     metric_params=None, n_jobs=-1, n_neighbors=5, p=2,
                     weights='uniform')
2021-04-29 02:41:08,111:INFO:create_model() succesfully completed......................................
2021-04-29 02:41:08,233:INFO:SubProcess create_model() end ==================================
2021-04-29 02:41:08,233:INFO:Creating metrics dataframe
2021-04-29 02:41:08,280:INFO:Initializing Naive Bayes
2021-04-29 02:41:08,280:INFO:Total runtime is 0.035560774803161624 minutes
2021-04-29 02:41:08,321:INFO:SubProcess create_model() called ==================================
2021-04-29 02:41:08,322:INFO:Initializing create_model()
2021-04-29 02:41:08,322:INFO:create_model(estimator=nb, fold=StratifiedKFold(n_splits=10, random_state=None, shuffle=False), round=4, cross_validation=True, predict=True, fit_kwargs={}, groups=None, refit=False, verbose=False, system=False, metrics=None, display=<pycaret.internal.Display.Display object at 0x00000202F06ABE08>, kwargs={})
2021-04-29 02:41:08,322:INFO:Checking exceptions
2021-04-29 02:41:08,323:INFO:Importing libraries
2021-04-29 02:41:08,323:INFO:Copying training dataset
2021-04-29 02:41:08,328:INFO:Defining folds
2021-04-29 02:41:08,329:INFO:Declaring metric variables
2021-04-29 02:41:08,356:INFO:Importing untrained model
2021-04-29 02:41:08,382:INFO:Naive Bayes Imported succesfully
2021-04-29 02:41:08,430:INFO:Starting cross validation
2021-04-29 02:41:08,432:INFO:Cross validating with StratifiedKFold(n_splits=10, random_state=None, shuffle=False), n_jobs=-1
2021-04-29 02:41:08,598:INFO:Calculating mean and std
2021-04-29 02:41:08,598:INFO:Creating metrics dataframe
2021-04-29 02:41:08,618:INFO:Uploading results into container
2021-04-29 02:41:08,618:INFO:Uploading model into container now
2021-04-29 02:41:08,618:INFO:create_model_container: 16
2021-04-29 02:41:08,619:INFO:master_model_container: 16
2021-04-29 02:41:08,619:INFO:display_container: 3
2021-04-29 02:41:08,619:INFO:GaussianNB(priors=None, var_smoothing=1e-09)
2021-04-29 02:41:08,619:INFO:create_model() succesfully completed......................................
2021-04-29 02:41:08,718:INFO:SubProcess create_model() end ==================================
2021-04-29 02:41:08,718:INFO:Creating metrics dataframe
2021-04-29 02:41:08,749:INFO:Initializing Decision Tree Classifier
2021-04-29 02:41:08,749:INFO:Total runtime is 0.043386415640513105 minutes
2021-04-29 02:41:08,784:INFO:SubProcess create_model() called ==================================
2021-04-29 02:41:08,785:INFO:Initializing create_model()
2021-04-29 02:41:08,786:INFO:create_model(estimator=dt, fold=StratifiedKFold(n_splits=10, random_state=None, shuffle=False), round=4, cross_validation=True, predict=True, fit_kwargs={}, groups=None, refit=False, verbose=False, system=False, metrics=None, display=<pycaret.internal.Display.Display object at 0x00000202F06ABE08>, kwargs={})
2021-04-29 02:41:08,786:INFO:Checking exceptions
2021-04-29 02:41:08,786:INFO:Importing libraries
2021-04-29 02:41:08,786:INFO:Copying training dataset
2021-04-29 02:41:08,788:INFO:Defining folds
2021-04-29 02:41:08,789:INFO:Declaring metric variables
2021-04-29 02:41:08,809:INFO:Importing untrained model
2021-04-29 02:41:08,832:INFO:Decision Tree Classifier Imported succesfully
2021-04-29 02:41:08,878:INFO:Starting cross validation
2021-04-29 02:41:08,879:INFO:Cross validating with StratifiedKFold(n_splits=10, random_state=None, shuffle=False), n_jobs=-1
2021-04-29 02:41:09,176:INFO:Calculating mean and std
2021-04-29 02:41:09,176:INFO:Creating metrics dataframe
2021-04-29 02:41:09,191:INFO:Uploading results into container
2021-04-29 02:41:09,191:INFO:Uploading model into container now
2021-04-29 02:41:09,191:INFO:create_model_container: 17
2021-04-29 02:41:09,191:INFO:master_model_container: 17
2021-04-29 02:41:09,191:INFO:display_container: 3
2021-04-29 02:41:09,191:INFO:DecisionTreeClassifier(ccp_alpha=0.0, class_weight=None, criterion='gini',
                       max_depth=None, max_features=None, max_leaf_nodes=None,
                       min_impurity_decrease=0.0, min_impurity_split=None,
                       min_samples_leaf=1, min_samples_split=2,
                       min_weight_fraction_leaf=0.0, presort='deprecated',
                       random_state=6578, splitter='best')
2021-04-29 02:41:09,191:INFO:create_model() succesfully completed......................................
2021-04-29 02:41:09,302:INFO:SubProcess create_model() end ==================================
2021-04-29 02:41:09,302:INFO:Creating metrics dataframe
2021-04-29 02:41:09,349:INFO:Initializing SVM - Linear Kernel
2021-04-29 02:41:09,349:INFO:Total runtime is 0.05337684154510498 minutes
2021-04-29 02:41:09,381:INFO:SubProcess create_model() called ==================================
2021-04-29 02:41:09,382:INFO:Initializing create_model()
2021-04-29 02:41:09,383:INFO:create_model(estimator=svm, fold=StratifiedKFold(n_splits=10, random_state=None, shuffle=False), round=4, cross_validation=True, predict=True, fit_kwargs={}, groups=None, refit=False, verbose=False, system=False, metrics=None, display=<pycaret.internal.Display.Display object at 0x00000202F06ABE08>, kwargs={})
2021-04-29 02:41:09,383:INFO:Checking exceptions
2021-04-29 02:41:09,383:INFO:Importing libraries
2021-04-29 02:41:09,383:INFO:Copying training dataset
2021-04-29 02:41:09,386:INFO:Defining folds
2021-04-29 02:41:09,387:INFO:Declaring metric variables
2021-04-29 02:41:09,413:INFO:Importing untrained model
2021-04-29 02:41:09,440:INFO:SVM - Linear Kernel Imported succesfully
2021-04-29 02:41:09,491:INFO:Starting cross validation
2021-04-29 02:41:09,492:INFO:Cross validating with StratifiedKFold(n_splits=10, random_state=None, shuffle=False), n_jobs=-1
2021-04-29 02:41:10,071:INFO:Calculating mean and std
2021-04-29 02:41:10,071:INFO:Creating metrics dataframe
2021-04-29 02:41:10,086:INFO:Uploading results into container
2021-04-29 02:41:10,086:INFO:Uploading model into container now
2021-04-29 02:41:10,086:INFO:create_model_container: 18
2021-04-29 02:41:10,086:INFO:master_model_container: 18
2021-04-29 02:41:10,086:INFO:display_container: 3
2021-04-29 02:41:10,086:INFO:SGDClassifier(alpha=0.0001, average=False, class_weight=None,
              early_stopping=False, epsilon=0.1, eta0=0.001, fit_intercept=True,
              l1_ratio=0.15, learning_rate='optimal', loss='hinge',
              max_iter=1000, n_iter_no_change=5, n_jobs=-1, penalty='l2',
              power_t=0.5, random_state=6578, shuffle=True, tol=0.001,
              validation_fraction=0.1, verbose=0, warm_start=False)
2021-04-29 02:41:10,086:INFO:create_model() succesfully completed......................................
2021-04-29 02:41:10,202:INFO:SubProcess create_model() end ==================================
2021-04-29 02:41:10,202:INFO:Creating metrics dataframe
2021-04-29 02:41:10,248:INFO:Initializing Ridge Classifier
2021-04-29 02:41:10,248:INFO:Total runtime is 0.06837231318155924 minutes
2021-04-29 02:41:10,276:INFO:SubProcess create_model() called ==================================
2021-04-29 02:41:10,277:INFO:Initializing create_model()
2021-04-29 02:41:10,277:INFO:create_model(estimator=ridge, fold=StratifiedKFold(n_splits=10, random_state=None, shuffle=False), round=4, cross_validation=True, predict=True, fit_kwargs={}, groups=None, refit=False, verbose=False, system=False, metrics=None, display=<pycaret.internal.Display.Display object at 0x00000202F06ABE08>, kwargs={})
2021-04-29 02:41:10,278:INFO:Checking exceptions
2021-04-29 02:41:10,278:INFO:Importing libraries
2021-04-29 02:41:10,278:INFO:Copying training dataset
2021-04-29 02:41:10,281:INFO:Defining folds
2021-04-29 02:41:10,281:INFO:Declaring metric variables
2021-04-29 02:41:10,303:INFO:Importing untrained model
2021-04-29 02:41:10,322:INFO:Ridge Classifier Imported succesfully
2021-04-29 02:41:10,371:INFO:Starting cross validation
2021-04-29 02:41:10,372:INFO:Cross validating with StratifiedKFold(n_splits=10, random_state=None, shuffle=False), n_jobs=-1
2021-04-29 02:41:10,597:INFO:Calculating mean and std
2021-04-29 02:41:10,597:INFO:Creating metrics dataframe
2021-04-29 02:41:10,613:INFO:Uploading results into container
2021-04-29 02:41:10,613:INFO:Uploading model into container now
2021-04-29 02:41:10,613:INFO:create_model_container: 19
2021-04-29 02:41:10,613:INFO:master_model_container: 19
2021-04-29 02:41:10,613:INFO:display_container: 3
2021-04-29 02:41:10,613:INFO:RidgeClassifier(alpha=1.0, class_weight=None, copy_X=True, fit_intercept=True,
                max_iter=None, normalize=False, random_state=6578,
                solver='auto', tol=0.001)
2021-04-29 02:41:10,613:INFO:create_model() succesfully completed......................................
2021-04-29 02:41:10,718:INFO:SubProcess create_model() end ==================================
2021-04-29 02:41:10,718:INFO:Creating metrics dataframe
2021-04-29 02:41:10,780:INFO:Initializing Random Forest Classifier
2021-04-29 02:41:10,780:INFO:Total runtime is 0.07724043528238932 minutes
2021-04-29 02:41:10,803:INFO:SubProcess create_model() called ==================================
2021-04-29 02:41:10,803:INFO:Initializing create_model()
2021-04-29 02:41:10,803:INFO:create_model(estimator=rf, fold=StratifiedKFold(n_splits=10, random_state=None, shuffle=False), round=4, cross_validation=True, predict=True, fit_kwargs={}, groups=None, refit=False, verbose=False, system=False, metrics=None, display=<pycaret.internal.Display.Display object at 0x00000202F06ABE08>, kwargs={})
2021-04-29 02:41:10,803:INFO:Checking exceptions
2021-04-29 02:41:10,803:INFO:Importing libraries
2021-04-29 02:41:10,803:INFO:Copying training dataset
2021-04-29 02:41:10,803:INFO:Defining folds
2021-04-29 02:41:10,803:INFO:Declaring metric variables
2021-04-29 02:41:10,838:INFO:Importing untrained model
2021-04-29 02:41:10,861:INFO:Random Forest Classifier Imported succesfully
2021-04-29 02:41:10,909:INFO:Starting cross validation
2021-04-29 02:41:10,911:INFO:Cross validating with StratifiedKFold(n_splits=10, random_state=None, shuffle=False), n_jobs=-1
2021-04-29 02:41:14,582:INFO:Calculating mean and std
2021-04-29 02:41:14,582:INFO:Creating metrics dataframe
2021-04-29 02:41:14,599:INFO:Uploading results into container
2021-04-29 02:41:14,600:INFO:Uploading model into container now
2021-04-29 02:41:14,600:INFO:create_model_container: 20
2021-04-29 02:41:14,601:INFO:master_model_container: 20
2021-04-29 02:41:14,601:INFO:display_container: 3
2021-04-29 02:41:14,602:INFO:RandomForestClassifier(bootstrap=True, ccp_alpha=0.0, class_weight=None,
                       criterion='gini', max_depth=None, max_features='auto',
                       max_leaf_nodes=None, max_samples=None,
                       min_impurity_decrease=0.0, min_impurity_split=None,
                       min_samples_leaf=1, min_samples_split=2,
                       min_weight_fraction_leaf=0.0, n_estimators=100,
                       n_jobs=-1, oob_score=False, random_state=6578, verbose=0,
                       warm_start=False)
2021-04-29 02:41:14,603:INFO:create_model() succesfully completed......................................
2021-04-29 02:41:14,716:INFO:SubProcess create_model() end ==================================
2021-04-29 02:41:14,716:INFO:Creating metrics dataframe
2021-04-29 02:41:14,763:INFO:Initializing Quadratic Discriminant Analysis
2021-04-29 02:41:14,763:INFO:Total runtime is 0.14361790418624876 minutes
2021-04-29 02:41:14,811:INFO:SubProcess create_model() called ==================================
2021-04-29 02:41:14,811:INFO:Initializing create_model()
2021-04-29 02:41:14,811:INFO:create_model(estimator=qda, fold=StratifiedKFold(n_splits=10, random_state=None, shuffle=False), round=4, cross_validation=True, predict=True, fit_kwargs={}, groups=None, refit=False, verbose=False, system=False, metrics=None, display=<pycaret.internal.Display.Display object at 0x00000202F06ABE08>, kwargs={})
2021-04-29 02:41:14,812:INFO:Checking exceptions
2021-04-29 02:41:14,812:INFO:Importing libraries
2021-04-29 02:41:14,812:INFO:Copying training dataset
2021-04-29 02:41:14,818:INFO:Defining folds
2021-04-29 02:41:14,819:INFO:Declaring metric variables
2021-04-29 02:41:14,844:INFO:Importing untrained model
2021-04-29 02:41:14,869:INFO:Quadratic Discriminant Analysis Imported succesfully
2021-04-29 02:41:14,913:INFO:Starting cross validation
2021-04-29 02:41:14,915:INFO:Cross validating with StratifiedKFold(n_splits=10, random_state=None, shuffle=False), n_jobs=-1
2021-04-29 02:41:15,148:INFO:Calculating mean and std
2021-04-29 02:41:15,148:INFO:Creating metrics dataframe
2021-04-29 02:41:15,168:INFO:Uploading results into container
2021-04-29 02:41:15,168:INFO:Uploading model into container now
2021-04-29 02:41:15,169:INFO:create_model_container: 21
2021-04-29 02:41:15,169:INFO:master_model_container: 21
2021-04-29 02:41:15,169:INFO:display_container: 3
2021-04-29 02:41:15,169:INFO:QuadraticDiscriminantAnalysis(priors=None, reg_param=0.0,
                              store_covariance=False, tol=0.0001)
2021-04-29 02:41:15,170:INFO:create_model() succesfully completed......................................
2021-04-29 02:41:15,284:INFO:SubProcess create_model() end ==================================
2021-04-29 02:41:15,285:INFO:Creating metrics dataframe
2021-04-29 02:41:15,344:INFO:Initializing Ada Boost Classifier
2021-04-29 02:41:15,344:INFO:Total runtime is 0.15330280065536497 minutes
2021-04-29 02:41:15,392:INFO:SubProcess create_model() called ==================================
2021-04-29 02:41:15,392:INFO:Initializing create_model()
2021-04-29 02:41:15,392:INFO:create_model(estimator=ada, fold=StratifiedKFold(n_splits=10, random_state=None, shuffle=False), round=4, cross_validation=True, predict=True, fit_kwargs={}, groups=None, refit=False, verbose=False, system=False, metrics=None, display=<pycaret.internal.Display.Display object at 0x00000202F06ABE08>, kwargs={})
2021-04-29 02:41:15,392:INFO:Checking exceptions
2021-04-29 02:41:15,393:INFO:Importing libraries
2021-04-29 02:41:15,393:INFO:Copying training dataset
2021-04-29 02:41:15,395:INFO:Defining folds
2021-04-29 02:41:15,395:INFO:Declaring metric variables
2021-04-29 02:41:15,420:INFO:Importing untrained model
2021-04-29 02:41:15,449:INFO:Ada Boost Classifier Imported succesfully
2021-04-29 02:41:15,503:INFO:Starting cross validation
2021-04-29 02:41:15,505:INFO:Cross validating with StratifiedKFold(n_splits=10, random_state=None, shuffle=False), n_jobs=-1
2021-04-29 02:41:16,246:INFO:Calculating mean and std
2021-04-29 02:41:16,246:INFO:Creating metrics dataframe
2021-04-29 02:41:16,262:INFO:Uploading results into container
2021-04-29 02:41:16,262:INFO:Uploading model into container now
2021-04-29 02:41:16,262:INFO:create_model_container: 22
2021-04-29 02:41:16,262:INFO:master_model_container: 22
2021-04-29 02:41:16,262:INFO:display_container: 3
2021-04-29 02:41:16,262:INFO:AdaBoostClassifier(algorithm='SAMME.R', base_estimator=None, learning_rate=1.0,
                   n_estimators=50, random_state=6578)
2021-04-29 02:41:16,262:INFO:create_model() succesfully completed......................................
2021-04-29 02:41:16,402:INFO:SubProcess create_model() end ==================================
2021-04-29 02:41:16,402:INFO:Creating metrics dataframe
2021-04-29 02:41:16,480:INFO:Initializing Gradient Boosting Classifier
2021-04-29 02:41:16,480:INFO:Total runtime is 0.17222673892974852 minutes
2021-04-29 02:41:16,506:INFO:SubProcess create_model() called ==================================
2021-04-29 02:41:16,507:INFO:Initializing create_model()
2021-04-29 02:41:16,507:INFO:create_model(estimator=gbc, fold=StratifiedKFold(n_splits=10, random_state=None, shuffle=False), round=4, cross_validation=True, predict=True, fit_kwargs={}, groups=None, refit=False, verbose=False, system=False, metrics=None, display=<pycaret.internal.Display.Display object at 0x00000202F06ABE08>, kwargs={})
2021-04-29 02:41:16,507:INFO:Checking exceptions
2021-04-29 02:41:16,508:INFO:Importing libraries
2021-04-29 02:41:16,508:INFO:Copying training dataset
2021-04-29 02:41:16,510:INFO:Defining folds
2021-04-29 02:41:16,510:INFO:Declaring metric variables
2021-04-29 02:41:16,533:INFO:Importing untrained model
2021-04-29 02:41:16,551:INFO:Gradient Boosting Classifier Imported succesfully
2021-04-29 02:41:16,594:INFO:Starting cross validation
2021-04-29 02:41:16,595:INFO:Cross validating with StratifiedKFold(n_splits=10, random_state=None, shuffle=False), n_jobs=-1
2021-04-29 02:41:18,747:INFO:Calculating mean and std
2021-04-29 02:41:18,763:INFO:Creating metrics dataframe
2021-04-29 02:41:18,779:INFO:Uploading results into container
2021-04-29 02:41:18,779:INFO:Uploading model into container now
2021-04-29 02:41:18,779:INFO:create_model_container: 23
2021-04-29 02:41:18,779:INFO:master_model_container: 23
2021-04-29 02:41:18,779:INFO:display_container: 3
2021-04-29 02:41:18,781:INFO:GradientBoostingClassifier(ccp_alpha=0.0, criterion='friedman_mse', init=None,
                           learning_rate=0.1, loss='deviance', max_depth=3,
                           max_features=None, max_leaf_nodes=None,
                           min_impurity_decrease=0.0, min_impurity_split=None,
                           min_samples_leaf=1, min_samples_split=2,
                           min_weight_fraction_leaf=0.0, n_estimators=100,
                           n_iter_no_change=None, presort='deprecated',
                           random_state=6578, subsample=1.0, tol=0.0001,
                           validation_fraction=0.1, verbose=0,
                           warm_start=False)
2021-04-29 02:41:18,781:INFO:create_model() succesfully completed......................................
2021-04-29 02:41:18,902:INFO:SubProcess create_model() end ==================================
2021-04-29 02:41:18,903:INFO:Creating metrics dataframe
2021-04-29 02:41:18,966:INFO:Initializing Linear Discriminant Analysis
2021-04-29 02:41:18,966:INFO:Total runtime is 0.21366906960805254 minutes
2021-04-29 02:41:18,999:INFO:SubProcess create_model() called ==================================
2021-04-29 02:41:19,000:INFO:Initializing create_model()
2021-04-29 02:41:19,000:INFO:create_model(estimator=lda, fold=StratifiedKFold(n_splits=10, random_state=None, shuffle=False), round=4, cross_validation=True, predict=True, fit_kwargs={}, groups=None, refit=False, verbose=False, system=False, metrics=None, display=<pycaret.internal.Display.Display object at 0x00000202F06ABE08>, kwargs={})
2021-04-29 02:41:19,001:INFO:Checking exceptions
2021-04-29 02:41:19,001:INFO:Importing libraries
2021-04-29 02:41:19,001:INFO:Copying training dataset
2021-04-29 02:41:19,003:INFO:Defining folds
2021-04-29 02:41:19,004:INFO:Declaring metric variables
2021-04-29 02:41:19,022:INFO:Importing untrained model
2021-04-29 02:41:19,056:INFO:Linear Discriminant Analysis Imported succesfully
2021-04-29 02:41:19,122:INFO:Starting cross validation
2021-04-29 02:41:19,124:INFO:Cross validating with StratifiedKFold(n_splits=10, random_state=None, shuffle=False), n_jobs=-1
2021-04-29 02:41:19,471:INFO:Calculating mean and std
2021-04-29 02:41:19,471:INFO:Creating metrics dataframe
2021-04-29 02:41:19,498:INFO:Uploading results into container
2021-04-29 02:41:19,498:INFO:Uploading model into container now
2021-04-29 02:41:19,498:INFO:create_model_container: 24
2021-04-29 02:41:19,499:INFO:master_model_container: 24
2021-04-29 02:41:19,499:INFO:display_container: 3
2021-04-29 02:41:19,500:INFO:LinearDiscriminantAnalysis(n_components=None, priors=None, shrinkage=None,
                           solver='svd', store_covariance=False, tol=0.0001)
2021-04-29 02:41:19,500:INFO:create_model() succesfully completed......................................
2021-04-29 02:41:19,657:INFO:SubProcess create_model() end ==================================
2021-04-29 02:41:19,658:INFO:Creating metrics dataframe
2021-04-29 02:41:19,885:INFO:Initializing Extra Trees Classifier
2021-04-29 02:41:19,885:INFO:Total runtime is 0.22898429632186887 minutes
2021-04-29 02:41:19,924:INFO:SubProcess create_model() called ==================================
2021-04-29 02:41:19,925:INFO:Initializing create_model()
2021-04-29 02:41:19,925:INFO:create_model(estimator=et, fold=StratifiedKFold(n_splits=10, random_state=None, shuffle=False), round=4, cross_validation=True, predict=True, fit_kwargs={}, groups=None, refit=False, verbose=False, system=False, metrics=None, display=<pycaret.internal.Display.Display object at 0x00000202F06ABE08>, kwargs={})
2021-04-29 02:41:19,925:INFO:Checking exceptions
2021-04-29 02:41:19,925:INFO:Importing libraries
2021-04-29 02:41:19,926:INFO:Copying training dataset
2021-04-29 02:41:19,929:INFO:Defining folds
2021-04-29 02:41:19,929:INFO:Declaring metric variables
2021-04-29 02:41:19,966:INFO:Importing untrained model
2021-04-29 02:41:19,994:INFO:Extra Trees Classifier Imported succesfully
2021-04-29 02:41:20,046:INFO:Starting cross validation
2021-04-29 02:41:20,048:INFO:Cross validating with StratifiedKFold(n_splits=10, random_state=None, shuffle=False), n_jobs=-1
2021-04-29 02:41:23,531:INFO:Calculating mean and std
2021-04-29 02:41:23,531:INFO:Creating metrics dataframe
2021-04-29 02:41:23,549:INFO:Uploading results into container
2021-04-29 02:41:23,552:INFO:Uploading model into container now
2021-04-29 02:41:23,552:INFO:create_model_container: 25
2021-04-29 02:41:23,553:INFO:master_model_container: 25
2021-04-29 02:41:23,553:INFO:display_container: 3
2021-04-29 02:41:23,554:INFO:ExtraTreesClassifier(bootstrap=False, ccp_alpha=0.0, class_weight=None,
                     criterion='gini', max_depth=None, max_features='auto',
                     max_leaf_nodes=None, max_samples=None,
                     min_impurity_decrease=0.0, min_impurity_split=None,
                     min_samples_leaf=1, min_samples_split=2,
                     min_weight_fraction_leaf=0.0, n_estimators=100, n_jobs=-1,
                     oob_score=False, random_state=6578, verbose=0,
                     warm_start=False)
2021-04-29 02:41:23,554:INFO:create_model() succesfully completed......................................
2021-04-29 02:41:23,712:INFO:SubProcess create_model() end ==================================
2021-04-29 02:41:23,712:INFO:Creating metrics dataframe
2021-04-29 02:41:23,801:INFO:Initializing Extreme Gradient Boosting
2021-04-29 02:41:23,801:INFO:Total runtime is 0.29424086014429723 minutes
2021-04-29 02:41:23,837:INFO:SubProcess create_model() called ==================================
2021-04-29 02:41:23,837:INFO:Initializing create_model()
2021-04-29 02:41:23,838:INFO:create_model(estimator=xgboost, fold=StratifiedKFold(n_splits=10, random_state=None, shuffle=False), round=4, cross_validation=True, predict=True, fit_kwargs={}, groups=None, refit=False, verbose=False, system=False, metrics=None, display=<pycaret.internal.Display.Display object at 0x00000202F06ABE08>, kwargs={})
2021-04-29 02:41:23,838:INFO:Checking exceptions
2021-04-29 02:41:23,838:INFO:Importing libraries
2021-04-29 02:41:23,838:INFO:Copying training dataset
2021-04-29 02:41:23,841:INFO:Defining folds
2021-04-29 02:41:23,841:INFO:Declaring metric variables
2021-04-29 02:41:23,869:INFO:Importing untrained model
2021-04-29 02:41:23,892:INFO:Extreme Gradient Boosting Imported succesfully
2021-04-29 02:41:23,940:INFO:Starting cross validation
2021-04-29 02:41:23,941:WARNING:create_model() for xgboost raised an exception or returned all 0.0, trying without fit_kwargs:
2021-04-29 02:41:23,942:WARNING:Traceback (most recent call last):
  File "c:\python37\lib\site-packages\pycaret\internal\pipeline.py", line 223, in add_estimator_to_pipeline
    assert hasattr(pipeline._final_estimator, "predict")
AssertionError

During handling of the above exception, another exception occurred:

Traceback (most recent call last):
  File "c:\python37\lib\site-packages\pycaret\internal\tabular.py", line 2173, in compare_models
    refit=False,
  File "c:\python37\lib\site-packages\pycaret\internal\tabular.py", line 3107, in create_model_supervised
    with estimator_pipeline(_internal_pipeline, model) as pipeline_with_model:
  File "c:\python37\lib\site-packages\pycaret\internal\pipeline.py", line 205, in __enter__
    add_estimator_to_pipeline(self.pipeline, self.estimator)
  File "c:\python37\lib\site-packages\pycaret\internal\pipeline.py", line 228, in add_estimator_to_pipeline
    pipeline._carry_over_final_estimator_fit_vars()
  File "c:\python37\lib\site-packages\pycaret\internal\pipeline.py", line 58, in _carry_over_final_estimator_fit_vars
    self._final_estimator
  File "c:\python37\lib\site-packages\pycaret\internal\utils.py", line 573, in get_all_object_vars_and_properties
    for k in object.__dir__()
  File "c:\python37\lib\site-packages\pycaret\internal\utils.py", line 574, in <dictcomp>
    if k[:2] != "__" and type(getattr(object, k, "")).__name__ != "method"
  File "c:\python37\lib\site-packages\xgboost\sklearn.py", line 687, in feature_importances_
    b = self.get_booster()
  File "c:\python37\lib\site-packages\xgboost\sklearn.py", line 261, in get_booster
    raise XGBoostError('need to call fit or load_model beforehand')
xgboost.core.XGBoostError: need to call fit or load_model beforehand

2021-04-29 02:41:23,943:INFO:Initializing create_model()
2021-04-29 02:41:23,943:INFO:create_model(estimator=xgboost, fold=StratifiedKFold(n_splits=10, random_state=None, shuffle=False), round=4, cross_validation=True, predict=True, fit_kwargs=None, groups=None, refit=False, verbose=False, system=False, metrics=None, display=<pycaret.internal.Display.Display object at 0x00000202F06ABE08>, kwargs={})
2021-04-29 02:41:23,944:INFO:Checking exceptions
2021-04-29 02:41:23,944:INFO:Importing libraries
2021-04-29 02:41:23,944:INFO:Copying training dataset
2021-04-29 02:41:23,946:INFO:Defining folds
2021-04-29 02:41:23,946:INFO:Declaring metric variables
2021-04-29 02:41:23,970:INFO:Importing untrained model
2021-04-29 02:41:23,993:INFO:Extreme Gradient Boosting Imported succesfully
2021-04-29 02:41:24,048:INFO:Starting cross validation
2021-04-29 02:41:24,051:ERROR:create_model() for xgboost raised an exception:
2021-04-29 02:41:24,054:ERROR:Traceback (most recent call last):
  File "c:\python37\lib\site-packages\pycaret\internal\pipeline.py", line 223, in add_estimator_to_pipeline
    assert hasattr(pipeline._final_estimator, "predict")
AssertionError

During handling of the above exception, another exception occurred:

Traceback (most recent call last):
  File "c:\python37\lib\site-packages\pycaret\internal\tabular.py", line 2173, in compare_models
    refit=False,
  File "c:\python37\lib\site-packages\pycaret\internal\tabular.py", line 3107, in create_model_supervised
    with estimator_pipeline(_internal_pipeline, model) as pipeline_with_model:
  File "c:\python37\lib\site-packages\pycaret\internal\pipeline.py", line 205, in __enter__
    add_estimator_to_pipeline(self.pipeline, self.estimator)
  File "c:\python37\lib\site-packages\pycaret\internal\pipeline.py", line 228, in add_estimator_to_pipeline
    pipeline._carry_over_final_estimator_fit_vars()
  File "c:\python37\lib\site-packages\pycaret\internal\pipeline.py", line 58, in _carry_over_final_estimator_fit_vars
    self._final_estimator
  File "c:\python37\lib\site-packages\pycaret\internal\utils.py", line 573, in get_all_object_vars_and_properties
    for k in object.__dir__()
  File "c:\python37\lib\site-packages\pycaret\internal\utils.py", line 574, in <dictcomp>
    if k[:2] != "__" and type(getattr(object, k, "")).__name__ != "method"
  File "c:\python37\lib\site-packages\xgboost\sklearn.py", line 687, in feature_importances_
    b = self.get_booster()
  File "c:\python37\lib\site-packages\xgboost\sklearn.py", line 261, in get_booster
    raise XGBoostError('need to call fit or load_model beforehand')
xgboost.core.XGBoostError: need to call fit or load_model beforehand

During handling of the above exception, another exception occurred:

Traceback (most recent call last):
  File "c:\python37\lib\site-packages\pycaret\internal\pipeline.py", line 223, in add_estimator_to_pipeline
    assert hasattr(pipeline._final_estimator, "predict")
AssertionError

During handling of the above exception, another exception occurred:

Traceback (most recent call last):
  File "c:\python37\lib\site-packages\pycaret\internal\tabular.py", line 2192, in compare_models
    refit=False,
  File "c:\python37\lib\site-packages\pycaret\internal\tabular.py", line 3107, in create_model_supervised
    with estimator_pipeline(_internal_pipeline, model) as pipeline_with_model:
  File "c:\python37\lib\site-packages\pycaret\internal\pipeline.py", line 205, in __enter__
    add_estimator_to_pipeline(self.pipeline, self.estimator)
  File "c:\python37\lib\site-packages\pycaret\internal\pipeline.py", line 228, in add_estimator_to_pipeline
    pipeline._carry_over_final_estimator_fit_vars()
  File "c:\python37\lib\site-packages\pycaret\internal\pipeline.py", line 58, in _carry_over_final_estimator_fit_vars
    self._final_estimator
  File "c:\python37\lib\site-packages\pycaret\internal\utils.py", line 573, in get_all_object_vars_and_properties
    for k in object.__dir__()
  File "c:\python37\lib\site-packages\pycaret\internal\utils.py", line 574, in <dictcomp>
    if k[:2] != "__" and type(getattr(object, k, "")).__name__ != "method"
  File "c:\python37\lib\site-packages\xgboost\sklearn.py", line 687, in feature_importances_
    b = self.get_booster()
  File "c:\python37\lib\site-packages\xgboost\sklearn.py", line 261, in get_booster
    raise XGBoostError('need to call fit or load_model beforehand')
xgboost.core.XGBoostError: need to call fit or load_model beforehand

2021-04-29 02:41:24,055:INFO:Initializing Light Gradient Boosting Machine
2021-04-29 02:41:24,055:INFO:Total runtime is 0.29848985671997064 minutes
2021-04-29 02:41:24,088:INFO:SubProcess create_model() called ==================================
2021-04-29 02:41:24,089:INFO:Initializing create_model()
2021-04-29 02:41:24,090:INFO:create_model(estimator=lightgbm, fold=StratifiedKFold(n_splits=10, random_state=None, shuffle=False), round=4, cross_validation=True, predict=True, fit_kwargs={}, groups=None, refit=False, verbose=False, system=False, metrics=None, display=<pycaret.internal.Display.Display object at 0x00000202F06ABE08>, kwargs={})
2021-04-29 02:41:24,090:INFO:Checking exceptions
2021-04-29 02:41:24,090:INFO:Importing libraries
2021-04-29 02:41:24,091:INFO:Copying training dataset
2021-04-29 02:41:24,095:INFO:Defining folds
2021-04-29 02:41:24,095:INFO:Declaring metric variables
2021-04-29 02:41:24,120:INFO:Importing untrained model
2021-04-29 02:41:24,149:INFO:Light Gradient Boosting Machine Imported succesfully
2021-04-29 02:41:24,201:INFO:Starting cross validation
2021-04-29 02:41:24,203:INFO:Cross validating with StratifiedKFold(n_splits=10, random_state=None, shuffle=False), n_jobs=-1
2021-04-29 02:41:24,587:INFO:Calculating mean and std
2021-04-29 02:41:24,589:INFO:Creating metrics dataframe
2021-04-29 02:41:24,598:INFO:Uploading results into container
2021-04-29 02:41:24,598:INFO:Uploading model into container now
2021-04-29 02:41:24,598:INFO:create_model_container: 26
2021-04-29 02:41:24,598:INFO:master_model_container: 26
2021-04-29 02:41:24,598:INFO:display_container: 3
2021-04-29 02:41:24,598:INFO:LGBMClassifier(boosting_type='gbdt', class_weight=None, colsample_bytree=1.0,
               importance_type='split', learning_rate=0.1, max_depth=-1,
               min_child_samples=20, min_child_weight=0.001, min_split_gain=0.0,
               n_estimators=100, n_jobs=-1, num_leaves=31, objective=None,
               random_state=6578, reg_alpha=0.0, reg_lambda=0.0, silent=True,
               subsample=1.0, subsample_for_bin=200000, subsample_freq=0)
2021-04-29 02:41:24,598:INFO:create_model() succesfully completed......................................
2021-04-29 02:41:24,715:INFO:SubProcess create_model() end ==================================
2021-04-29 02:41:24,715:INFO:Creating metrics dataframe
2021-04-29 02:41:24,889:INFO:Initializing create_model()
2021-04-29 02:41:24,890:INFO:create_model(estimator=LinearDiscriminantAnalysis(n_components=None, priors=None, shrinkage=None,
                           solver='svd', store_covariance=False, tol=0.0001), fold=StratifiedKFold(n_splits=10, random_state=None, shuffle=False), round=4, cross_validation=False, predict=False, fit_kwargs={}, groups=None, refit=True, verbose=False, system=False, metrics=None, display=None, kwargs={})
2021-04-29 02:41:24,890:INFO:Checking exceptions
2021-04-29 02:41:24,891:INFO:Importing libraries
2021-04-29 02:41:24,891:INFO:Copying training dataset
2021-04-29 02:41:24,892:INFO:Defining folds
2021-04-29 02:41:24,892:INFO:Declaring metric variables
2021-04-29 02:41:24,892:INFO:Importing untrained model
2021-04-29 02:41:24,892:INFO:Declaring custom model
2021-04-29 02:41:24,893:INFO:Linear Discriminant Analysis Imported succesfully
2021-04-29 02:41:24,894:INFO:Cross validation set to False
2021-04-29 02:41:24,894:INFO:Fitting Model
2021-04-29 02:41:24,901:INFO:LinearDiscriminantAnalysis(n_components=None, priors=None, shrinkage=None,
                           solver='svd', store_covariance=False, tol=0.0001)
2021-04-29 02:41:24,901:INFO:create_models() succesfully completed......................................
2021-04-29 02:41:25,530:INFO:create_model_container: 26
2021-04-29 02:41:25,530:INFO:master_model_container: 26
2021-04-29 02:41:25,531:INFO:display_container: 3
2021-04-29 02:41:25,531:INFO:LinearDiscriminantAnalysis(n_components=None, priors=None, shrinkage=None,
                           solver='svd', store_covariance=False, tol=0.0001)
2021-04-29 02:41:25,532:INFO:compare_models() succesfully completed......................................
